13.7305 	EXP 	Created window1 = Window(allowGUI=False, allowStencil=False, autoLog=True, bitsMode=UNKNOWN, blendMode='avg', color=array([ 0.,  0.,  0.]), colorSpace='rgb', fullscr=UNKNOWN, gamma=None, lms=UNKNOWN, monitor=<psychopy.monitors.calibTools.Monitor object at 0x1123aec10>, name='window1', pos=[0, 0], screen=0, size=array([1280,  800]), stereo=False, units=u'norm', useFBO=True, useRetina=False, viewOri=0.0, viewPos=None, viewScale=None, waitBlanking=True, winType='pyglet')
13.7305 	EXP 	window1: recordFrameIntervals = False
13.8959 	EXP 	window1: recordFrameIntervals = True
14.0796 	EXP 	window1: recordFrameIntervals = False
14.2183 	EXP 	Created BlankPic = ImageStim(autoLog=True, color=array([ 1.,  1.,  1.]), colorSpace='rgb', contrast=1.0, depth=0.0, flipHoriz=False, flipVert=False, image='./BlankPic.png', interpolate=True, mask=None, maskParams=None, name='BlankPic', opacity=1.0, ori=0.0, pos=array([ 0.,  0.]), size=array([ 0.5,  0.5]), texRes=128, units=u'norm', win=Window(...))
14.2186 	WARNING 	Monitor specification not found. Creating a temporary one...
14.5440 	EXP 	Created window1 = Window(allowGUI=True, allowStencil=True, autoLog=True, bitsMode=UNKNOWN, blendMode='avg', color=array([ 0.,  0.,  0.]), colorSpace='rgb', fullscr=UNKNOWN, gamma=None, lms=UNKNOWN, monitor=<psychopy.monitors.calibTools.Monitor object at 0x11a268990>, name='window1', pos=[440, 200], screen=0, size=array([400, 400]), stereo=False, units='norm', useFBO=False, useRetina=False, viewOri=0.0, viewPos=None, viewScale=None, waitBlanking=True, winType='pyglet')
14.5529 	EXP 	Created RewardImage = ImageStim(autoLog=True, color=array([ 1.,  1.,  1.]), colorSpace='rgb', contrast=1.0, depth=0.0, flipHoriz=False, flipVert=False, image='./RewardPic.jpg', interpolate=True, mask=None, maskParams=None, name='RewardImage', opacity=1.0, ori=0.0, pos=array([ 0.,  0.]), size=array([ 0.5,  0.5]), texRes=128, units='norm', win=Window(...))
14.5534 	EXP 	Created sequence: sequential, trialTypes=1, nReps=5, seed=None
14.5538 	EXP 	New trial (rep=0, index=0): None
15.5808 	EXP 	Created unnamed ImageStim = ImageStim(autoLog=True, color=array([ 1.,  1.,  1.]), colorSpace='rgb', contrast=1.0, depth=0, flipHoriz=False, flipVert=False, image=PngImageFile(...), interpolate=False, mask=None, maskParams=None, name='unnamed ImageStim', opacity=1.0, ori=0.0, pos=array([ 0.,  0.]), size=array([ 3.2,  2.4]), texRes=128, units='norm', win=Window(...))
17.0517 	WARNING 	Monitor specification not found. Creating a temporary one...
17.3654 	EXP 	Created window1 = Window(allowGUI=True, allowStencil=True, autoLog=True, bitsMode=UNKNOWN, blendMode='avg', color=array([ 0.,  0.,  0.]), colorSpace='rgb', fullscr=UNKNOWN, gamma=None, lms=UNKNOWN, monitor=<psychopy.monitors.calibTools.Monitor object at 0x11a2870d0>, name='window1', pos=[440, 200], screen=0, size=array([400, 400]), stereo=False, units='norm', useFBO=False, useRetina=False, viewOri=0.0, viewPos=None, viewScale=None, waitBlanking=True, winType='pyglet')
17.3944 	EXP 	Created unnamed ImageStim = ImageStim(autoLog=True, color=array([ 1.,  1.,  1.]), colorSpace='rgb', contrast=1.0, depth=0, flipHoriz=False, flipVert=False, image=PngImageFile(...), interpolate=False, mask=None, maskParams=None, name='unnamed ImageStim', opacity=1.0, ori=0.0, pos=array([ 0.,  0.]), size=array([ 3.2,  2.4]), texRes=128, units='norm', win=Window(...))
17.4147 	EXP 	Created unnamed Aperture = Aperture(autoLog=True, inverted=False, nVert=UNKNOWN, name='unnamed Aperture', ori=1, pos=(0, 0), shape=UNKNOWN, size=0.9, units='norm', win=Window(...))
17.4160 	EXP 	Created unnamed Aperture = Aperture(autoLog=True, inverted=False, nVert=UNKNOWN, name='unnamed Aperture', ori=1, pos=(0, 0), shape=UNKNOWN, size=0.9, units='norm', win=Window(...))
17.4173 	EXP 	Created unnamed Aperture = Aperture(autoLog=True, inverted=False, nVert=UNKNOWN, name='unnamed Aperture', ori=1, pos=(0, 0), shape=UNKNOWN, size=0.9, units='norm', win=Window(...))
17.4184 	EXP 	Created unnamed Aperture = Aperture(autoLog=True, inverted=False, nVert=UNKNOWN, name='unnamed Aperture', ori=1, pos=(0, 0), shape=UNKNOWN, size=0.9, units='norm', win=Window(...))
17.4199 	EXP 	unnamed Aperture: enabled = False
17.4199 	EXP 	unnamed Aperture: enabled = False
17.4199 	EXP 	unnamed Aperture: enabled = False
17.4199 	EXP 	unnamed Aperture: enabled = False
20.4220 	EXP 	New trial (rep=1, index=0): None
21.4462 	EXP 	Created unnamed ImageStim = ImageStim(autoLog=True, color=array([ 1.,  1.,  1.]), colorSpace='rgb', contrast=1.0, depth=0, flipHoriz=False, flipVert=False, image=PngImageFile(...), interpolate=False, mask=None, maskParams=None, name='unnamed ImageStim', opacity=1.0, ori=0.0, pos=array([ 0.,  0.]), size=array([ 3.2,  2.4]), texRes=128, units='norm', win=Window(...))
22.5189 	WARNING 	Monitor specification not found. Creating a temporary one...
22.8303 	EXP 	Created window1 = Window(allowGUI=True, allowStencil=True, autoLog=True, bitsMode=UNKNOWN, blendMode='avg', color=array([ 0.,  0.,  0.]), colorSpace='rgb', fullscr=UNKNOWN, gamma=None, lms=UNKNOWN, monitor=<psychopy.monitors.calibTools.Monitor object at 0x11296e7d0>, name='window1', pos=[440, 200], screen=0, size=array([400, 400]), stereo=False, units='norm', useFBO=False, useRetina=False, viewOri=0.0, viewPos=None, viewScale=None, waitBlanking=True, winType='pyglet')
22.8540 	EXP 	Created unnamed ImageStim = ImageStim(autoLog=True, color=array([ 1.,  1.,  1.]), colorSpace='rgb', contrast=1.0, depth=0, flipHoriz=False, flipVert=False, image=PngImageFile(...), interpolate=False, mask=None, maskParams=None, name='unnamed ImageStim', opacity=1.0, ori=0.0, pos=array([ 0.,  0.]), size=array([ 3.2,  2.4]), texRes=128, units='norm', win=Window(...))
22.8564 	EXP 	Created unnamed Aperture = Aperture(autoLog=True, inverted=False, nVert=UNKNOWN, name='unnamed Aperture', ori=1, pos=(0, 0), shape=UNKNOWN, size=0.9, units='norm', win=Window(...))
22.8576 	EXP 	Created unnamed Aperture = Aperture(autoLog=True, inverted=False, nVert=UNKNOWN, name='unnamed Aperture', ori=1, pos=(0, 0), shape=UNKNOWN, size=0.9, units='norm', win=Window(...))
22.8587 	EXP 	Created unnamed Aperture = Aperture(autoLog=True, inverted=False, nVert=UNKNOWN, name='unnamed Aperture', ori=1, pos=(0, 0), shape=UNKNOWN, size=0.9, units='norm', win=Window(...))
22.8599 	EXP 	Created unnamed Aperture = Aperture(autoLog=True, inverted=False, nVert=UNKNOWN, name='unnamed Aperture', ori=1, pos=(0, 0), shape=UNKNOWN, size=0.9, units='norm', win=Window(...))
22.8601 	EXP 	window1: mouseVisible = True
23.1302 	EXP 	unnamed Aperture: enabled = False
23.1302 	EXP 	unnamed Aperture: enabled = False
23.1302 	EXP 	unnamed Aperture: enabled = False
23.1302 	EXP 	unnamed Aperture: enabled = False
26.1325 	EXP 	New trial (rep=2, index=0): None
27.1582 	EXP 	Created unnamed ImageStim = ImageStim(autoLog=True, color=array([ 1.,  1.,  1.]), colorSpace='rgb', contrast=1.0, depth=0, flipHoriz=False, flipVert=False, image=PngImageFile(...), interpolate=False, mask=None, maskParams=None, name='unnamed ImageStim', opacity=1.0, ori=0.0, pos=array([ 0.,  0.]), size=array([ 3.2,  2.4]), texRes=128, units='norm', win=Window(...))
28.8730 	WARNING 	Monitor specification not found. Creating a temporary one...
29.1860 	EXP 	Created window1 = Window(allowGUI=True, allowStencil=True, autoLog=True, bitsMode=UNKNOWN, blendMode='avg', color=array([ 0.,  0.,  0.]), colorSpace='rgb', fullscr=UNKNOWN, gamma=None, lms=UNKNOWN, monitor=<psychopy.monitors.calibTools.Monitor object at 0x1129787d0>, name='window1', pos=[440, 200], screen=0, size=array([400, 400]), stereo=False, units='norm', useFBO=False, useRetina=False, viewOri=0.0, viewPos=None, viewScale=None, waitBlanking=True, winType='pyglet')
29.2116 	EXP 	Created unnamed ImageStim = ImageStim(autoLog=True, color=array([ 1.,  1.,  1.]), colorSpace='rgb', contrast=1.0, depth=0, flipHoriz=False, flipVert=False, image=PngImageFile(...), interpolate=False, mask=None, maskParams=None, name='unnamed ImageStim', opacity=1.0, ori=0.0, pos=array([ 0.,  0.]), size=array([ 3.2,  2.4]), texRes=128, units='norm', win=Window(...))
29.2143 	EXP 	Created unnamed Aperture = Aperture(autoLog=True, inverted=False, nVert=UNKNOWN, name='unnamed Aperture', ori=1, pos=(0, 0), shape=UNKNOWN, size=0.9, units='norm', win=Window(...))
29.2156 	EXP 	Created unnamed Aperture = Aperture(autoLog=True, inverted=False, nVert=UNKNOWN, name='unnamed Aperture', ori=1, pos=(0, 0), shape=UNKNOWN, size=0.9, units='norm', win=Window(...))
29.2168 	EXP 	Created unnamed Aperture = Aperture(autoLog=True, inverted=False, nVert=UNKNOWN, name='unnamed Aperture', ori=1, pos=(0, 0), shape=UNKNOWN, size=0.9, units='norm', win=Window(...))
29.2179 	EXP 	Created unnamed Aperture = Aperture(autoLog=True, inverted=False, nVert=UNKNOWN, name='unnamed Aperture', ori=1, pos=(0, 0), shape=UNKNOWN, size=0.9, units='norm', win=Window(...))
29.2181 	EXP 	window1: mouseVisible = True
29.2310 	EXP 	unnamed Aperture: enabled = False
29.2310 	EXP 	unnamed Aperture: enabled = False
29.2310 	EXP 	unnamed Aperture: enabled = False
29.2310 	EXP 	unnamed Aperture: enabled = False
32.2337 	EXP 	New trial (rep=3, index=0): None
33.2599 	EXP 	Created unnamed ImageStim = ImageStim(autoLog=True, color=array([ 1.,  1.,  1.]), colorSpace='rgb', contrast=1.0, depth=0, flipHoriz=False, flipVert=False, image=PngImageFile(...), interpolate=False, mask=None, maskParams=None, name='unnamed ImageStim', opacity=1.0, ori=0.0, pos=array([ 0.,  0.]), size=array([ 3.2,  2.4]), texRes=128, units='norm', win=Window(...))
35.0336 	WARNING 	Monitor specification not found. Creating a temporary one...
35.3577 	EXP 	Created window1 = Window(allowGUI=True, allowStencil=True, autoLog=True, bitsMode=UNKNOWN, blendMode='avg', color=array([ 0.,  0.,  0.]), colorSpace='rgb', fullscr=UNKNOWN, gamma=None, lms=UNKNOWN, monitor=<psychopy.monitors.calibTools.Monitor object at 0x1125ff850>, name='window1', pos=[440, 200], screen=0, size=array([400, 400]), stereo=False, units='norm', useFBO=False, useRetina=False, viewOri=0.0, viewPos=None, viewScale=None, waitBlanking=True, winType='pyglet')
35.3820 	EXP 	Created unnamed ImageStim = ImageStim(autoLog=True, color=array([ 1.,  1.,  1.]), colorSpace='rgb', contrast=1.0, depth=0, flipHoriz=False, flipVert=False, image=PngImageFile(...), interpolate=False, mask=None, maskParams=None, name='unnamed ImageStim', opacity=1.0, ori=0.0, pos=array([ 0.,  0.]), size=array([ 3.2,  2.4]), texRes=128, units='norm', win=Window(...))
35.3845 	EXP 	Created unnamed Aperture = Aperture(autoLog=True, inverted=False, nVert=UNKNOWN, name='unnamed Aperture', ori=1, pos=(0, 0), shape=UNKNOWN, size=0.9, units='norm', win=Window(...))
35.3858 	EXP 	Created unnamed Aperture = Aperture(autoLog=True, inverted=False, nVert=UNKNOWN, name='unnamed Aperture', ori=1, pos=(0, 0), shape=UNKNOWN, size=0.9, units='norm', win=Window(...))
35.3870 	EXP 	Created unnamed Aperture = Aperture(autoLog=True, inverted=False, nVert=UNKNOWN, name='unnamed Aperture', ori=1, pos=(0, 0), shape=UNKNOWN, size=0.9, units='norm', win=Window(...))
35.3882 	EXP 	Created unnamed Aperture = Aperture(autoLog=True, inverted=False, nVert=UNKNOWN, name='unnamed Aperture', ori=1, pos=(0, 0), shape=UNKNOWN, size=0.9, units='norm', win=Window(...))
35.3884 	EXP 	window1: mouseVisible = True
35.4007 	EXP 	unnamed Aperture: enabled = False
35.4007 	EXP 	unnamed Aperture: enabled = False
35.4007 	EXP 	unnamed Aperture: enabled = False
35.4007 	EXP 	unnamed Aperture: enabled = False
38.4024 	EXP 	New trial (rep=4, index=0): None
39.4252 	EXP 	Created unnamed ImageStim = ImageStim(autoLog=True, color=array([ 1.,  1.,  1.]), colorSpace='rgb', contrast=1.0, depth=0, flipHoriz=False, flipVert=False, image=PngImageFile(...), interpolate=False, mask=None, maskParams=None, name='unnamed ImageStim', opacity=1.0, ori=0.0, pos=array([ 0.,  0.]), size=array([ 3.2,  2.4]), texRes=128, units='norm', win=Window(...))
40.6383 	WARNING 	Monitor specification not found. Creating a temporary one...
40.9478 	EXP 	Created window1 = Window(allowGUI=True, allowStencil=True, autoLog=True, bitsMode=UNKNOWN, blendMode='avg', color=array([ 0.,  0.,  0.]), colorSpace='rgb', fullscr=UNKNOWN, gamma=None, lms=UNKNOWN, monitor=<psychopy.monitors.calibTools.Monitor object at 0x112607850>, name='window1', pos=[440, 200], screen=0, size=array([400, 400]), stereo=False, units='norm', useFBO=False, useRetina=False, viewOri=0.0, viewPos=None, viewScale=None, waitBlanking=True, winType='pyglet')
40.9717 	EXP 	Created unnamed ImageStim = ImageStim(autoLog=True, color=array([ 1.,  1.,  1.]), colorSpace='rgb', contrast=1.0, depth=0, flipHoriz=False, flipVert=False, image=PngImageFile(...), interpolate=False, mask=None, maskParams=None, name='unnamed ImageStim', opacity=1.0, ori=0.0, pos=array([ 0.,  0.]), size=array([ 3.2,  2.4]), texRes=128, units='norm', win=Window(...))
40.9744 	EXP 	Created unnamed Aperture = Aperture(autoLog=True, inverted=False, nVert=UNKNOWN, name='unnamed Aperture', ori=1, pos=(0, 0), shape=UNKNOWN, size=0.9, units='norm', win=Window(...))
40.9761 	EXP 	Created unnamed Aperture = Aperture(autoLog=True, inverted=False, nVert=UNKNOWN, name='unnamed Aperture', ori=1, pos=(0, 0), shape=UNKNOWN, size=0.9, units='norm', win=Window(...))
40.9773 	EXP 	Created unnamed Aperture = Aperture(autoLog=True, inverted=False, nVert=UNKNOWN, name='unnamed Aperture', ori=1, pos=(0, 0), shape=UNKNOWN, size=0.9, units='norm', win=Window(...))
40.9784 	EXP 	Created unnamed Aperture = Aperture(autoLog=True, inverted=False, nVert=UNKNOWN, name='unnamed Aperture', ori=1, pos=(0, 0), shape=UNKNOWN, size=0.9, units='norm', win=Window(...))
40.9786 	EXP 	window1: mouseVisible = True
40.9908 	EXP 	unnamed Aperture: enabled = False
40.9908 	EXP 	unnamed Aperture: enabled = False
40.9908 	EXP 	unnamed Aperture: enabled = False
40.9908 	EXP 	unnamed Aperture: enabled = False
43.9983 	EXP 	window1: mouseVisible = True
44.1265 	EXP 	window1: mouseVisible = True
