12.6630 	EXP 	Created window1 = Window(allowGUI=False, allowStencil=False, autoLog=True, bitsMode=UNKNOWN, blendMode='avg', color=array([ 0.,  0.,  0.]), colorSpace='rgb', fullscr=UNKNOWN, gamma=None, lms=UNKNOWN, monitor=<psychopy.monitors.calibTools.Monitor object at 0x11092ec10>, name='window1', pos=[0, 0], screen=0, size=array([1280,  800]), stereo=False, units=u'norm', useFBO=True, useRetina=False, viewOri=0.0, viewPos=None, viewScale=None, waitBlanking=True, winType='pyglet')
12.6630 	EXP 	window1: recordFrameIntervals = False
12.8293 	EXP 	window1: recordFrameIntervals = True
13.0116 	EXP 	window1: recordFrameIntervals = False
13.1316 	EXP 	Created BlankPic = ImageStim(autoLog=True, color=array([ 1.,  1.,  1.]), colorSpace='rgb', contrast=1.0, depth=0.0, flipHoriz=False, flipVert=False, image=u'./BlankPic.png', interpolate=True, mask=None, maskParams=None, name='BlankPic', opacity=1.0, ori=0.0, pos=array([ 0.,  0.]), size=array([ 0.5,  0.5]), texRes=128, units=u'norm', win=Window(...))
13.1396 	EXP 	Created RewardImage = ImageStim(autoLog=True, color=array([ 1.,  1.,  1.]), colorSpace='rgb', contrast=1.0, depth=0.0, flipHoriz=False, flipVert=False, image='./RewardPic.jpg', interpolate=True, mask=None, maskParams=None, name='RewardImage', opacity=1.0, ori=0.0, pos=array([ 0.,  0.]), size=array([ 0.5,  0.5]), texRes=128, units=u'norm', win=Window(...))
13.1401 	EXP 	Created sequence: sequential, trialTypes=1, nReps=5, seed=None
13.1405 	EXP 	New trial (rep=0, index=0): None
13.1614 	EXP 	BlankPic: autoDraw = True
14.1573 	EXP 	Created unnamed ImageStim = ImageStim(autoLog=True, color=array([ 1.,  1.,  1.]), colorSpace='rgb', contrast=1.0, depth=0, flipHoriz=False, flipVert=False, image=PngImageFile(...), interpolate=False, mask=None, maskParams=None, name='unnamed ImageStim', opacity=1.0, ori=0.0, pos=array([ 0.,  0.]), size=array([ 1. ,  1.2]), texRes=128, units=u'norm', win=Window(...))
14.1804 	EXP 	BlankPic: autoDraw = False
14.1804 	EXP 	BlankPic: autoDraw = False
15.2723 	WARNING 	Monitor specification not found. Creating a temporary one...
15.6155 	EXP 	Created window1 = Window(allowGUI=True, allowStencil=False, autoLog=True, bitsMode=UNKNOWN, blendMode='avg', color=array([ 0.,  0.,  0.]), colorSpace='rgb', fullscr=UNKNOWN, gamma=None, lms=UNKNOWN, monitor=<psychopy.monitors.calibTools.Monitor object at 0x111f0ad90>, name='window1', pos=[240, 100], screen=0, size=array([800, 600]), stereo=False, units=u'norm', useFBO=False, useRetina=False, viewOri=0.0, viewPos=None, viewScale=None, waitBlanking=True, winType='pyglet')
15.6412 	EXP 	Created unnamed ImageStim = ImageStim(autoLog=True, color=array([ 1.,  1.,  1.]), colorSpace='rgb', contrast=1.0, depth=0, flipHoriz=False, flipVert=False, image=PngImageFile(...), interpolate=False, mask=None, maskParams=None, name='unnamed ImageStim', opacity=1.0, ori=0.0, pos=array([ 0.,  0.]), size=array([ 1. ,  1.2]), texRes=128, units=u'norm', win=Window(...))
17.6805 	EXP 	RewardImage: autoDraw = True
18.6668 	EXP 	New trial (rep=1, index=0): None
18.6821 	EXP 	RewardImage: autoDraw = False
18.6821 	EXP 	BlankPic: autoDraw = True
19.6893 	EXP 	Created unnamed ImageStim = ImageStim(autoLog=True, color=array([ 1.,  1.,  1.]), colorSpace='rgb', contrast=1.0, depth=0, flipHoriz=False, flipVert=False, image=PngImageFile(...), interpolate=False, mask=None, maskParams=None, name='unnamed ImageStim', opacity=1.0, ori=0.0, pos=array([ 0.,  0.]), size=array([ 1. ,  1.2]), texRes=128, units=u'norm', win=Window(...))
19.7148 	EXP 	BlankPic: autoDraw = False
21.6546 	WARNING 	Monitor specification not found. Creating a temporary one...
21.9891 	EXP 	Created window1 = Window(allowGUI=True, allowStencil=False, autoLog=True, bitsMode=UNKNOWN, blendMode='avg', color=array([ 0.,  0.,  0.]), colorSpace='rgb', fullscr=UNKNOWN, gamma=None, lms=UNKNOWN, monitor=<psychopy.monitors.calibTools.Monitor object at 0x111f575d0>, name='window1', pos=[240, 100], screen=0, size=array([800, 600]), stereo=False, units=u'norm', useFBO=False, useRetina=False, viewOri=0.0, viewPos=None, viewScale=None, waitBlanking=True, winType='pyglet')
21.9893 	EXP 	window1: mouseVisible = True
22.2895 	EXP 	Created unnamed ImageStim = ImageStim(autoLog=True, color=array([ 1.,  1.,  1.]), colorSpace='rgb', contrast=1.0, depth=0, flipHoriz=False, flipVert=False, image=PngImageFile(...), interpolate=False, mask=None, maskParams=None, name='unnamed ImageStim', opacity=1.0, ori=0.0, pos=array([ 0.,  0.]), size=array([ 1. ,  1.2]), texRes=128, units=u'norm', win=Window(...))
24.3188 	EXP 	RewardImage: autoDraw = True
25.3018 	EXP 	New trial (rep=2, index=0): None
25.3177 	EXP 	RewardImage: autoDraw = False
25.3177 	EXP 	BlankPic: autoDraw = True
26.3294 	EXP 	Created unnamed ImageStim = ImageStim(autoLog=True, color=array([ 1.,  1.,  1.]), colorSpace='rgb', contrast=1.0, depth=0, flipHoriz=False, flipVert=False, image=PngImageFile(...), interpolate=False, mask=None, maskParams=None, name='unnamed ImageStim', opacity=1.0, ori=0.0, pos=array([ 0.,  0.]), size=array([ 1. ,  1.2]), texRes=128, units=u'norm', win=Window(...))
26.3516 	EXP 	BlankPic: autoDraw = False
28.2124 	WARNING 	Monitor specification not found. Creating a temporary one...
28.7084 	EXP 	Created window1 = Window(allowGUI=True, allowStencil=False, autoLog=True, bitsMode=UNKNOWN, blendMode='avg', color=array([ 0.,  0.,  0.]), colorSpace='rgb', fullscr=UNKNOWN, gamma=None, lms=UNKNOWN, monitor=<psychopy.monitors.calibTools.Monitor object at 0x111f3a9d0>, name='window1', pos=[240, 100], screen=0, size=array([800, 600]), stereo=False, units=u'norm', useFBO=False, useRetina=False, viewOri=0.0, viewPos=None, viewScale=None, waitBlanking=True, winType='pyglet')
28.7086 	EXP 	window1: mouseVisible = True
28.7482 	EXP 	Created unnamed ImageStim = ImageStim(autoLog=True, color=array([ 1.,  1.,  1.]), colorSpace='rgb', contrast=1.0, depth=0, flipHoriz=False, flipVert=False, image=PngImageFile(...), interpolate=False, mask=None, maskParams=None, name='unnamed ImageStim', opacity=1.0, ori=0.0, pos=array([ 0.,  0.]), size=array([ 1. ,  1.2]), texRes=128, units=u'norm', win=Window(...))
30.7874 	EXP 	RewardImage: autoDraw = True
31.7732 	EXP 	New trial (rep=3, index=0): None
31.7878 	EXP 	RewardImage: autoDraw = False
31.7878 	EXP 	BlankPic: autoDraw = True
32.7970 	EXP 	Created unnamed ImageStim = ImageStim(autoLog=True, color=array([ 1.,  1.,  1.]), colorSpace='rgb', contrast=1.0, depth=0, flipHoriz=False, flipVert=False, image=PngImageFile(...), interpolate=False, mask=None, maskParams=None, name='unnamed ImageStim', opacity=1.0, ori=0.0, pos=array([ 0.,  0.]), size=array([ 1. ,  1.2]), texRes=128, units=u'norm', win=Window(...))
32.8217 	EXP 	BlankPic: autoDraw = False
34.2813 	WARNING 	Monitor specification not found. Creating a temporary one...
34.6120 	EXP 	Created window1 = Window(allowGUI=True, allowStencil=False, autoLog=True, bitsMode=UNKNOWN, blendMode='avg', color=array([ 0.,  0.,  0.]), colorSpace='rgb', fullscr=UNKNOWN, gamma=None, lms=UNKNOWN, monitor=<psychopy.monitors.calibTools.Monitor object at 0x111f57dd0>, name='window1', pos=[240, 100], screen=0, size=array([800, 600]), stereo=False, units=u'norm', useFBO=False, useRetina=False, viewOri=0.0, viewPos=None, viewScale=None, waitBlanking=True, winType='pyglet')
34.6122 	EXP 	window1: mouseVisible = True
34.6530 	EXP 	Created unnamed ImageStim = ImageStim(autoLog=True, color=array([ 1.,  1.,  1.]), colorSpace='rgb', contrast=1.0, depth=0, flipHoriz=False, flipVert=False, image=PngImageFile(...), interpolate=False, mask=None, maskParams=None, name='unnamed ImageStim', opacity=1.0, ori=0.0, pos=array([ 0.,  0.]), size=array([ 1. ,  1.2]), texRes=128, units=u'norm', win=Window(...))
36.6904 	EXP 	RewardImage: autoDraw = True
37.6769 	EXP 	New trial (rep=4, index=0): None
37.6909 	EXP 	RewardImage: autoDraw = False
37.6909 	EXP 	BlankPic: autoDraw = True
38.6995 	EXP 	Created unnamed ImageStim = ImageStim(autoLog=True, color=array([ 1.,  1.,  1.]), colorSpace='rgb', contrast=1.0, depth=0, flipHoriz=False, flipVert=False, image=PngImageFile(...), interpolate=False, mask=None, maskParams=None, name='unnamed ImageStim', opacity=1.0, ori=0.0, pos=array([ 0.,  0.]), size=array([ 1. ,  1.2]), texRes=128, units=u'norm', win=Window(...))
38.7247 	EXP 	BlankPic: autoDraw = False
40.6859 	WARNING 	Monitor specification not found. Creating a temporary one...
41.0314 	EXP 	Created window1 = Window(allowGUI=True, allowStencil=False, autoLog=True, bitsMode=UNKNOWN, blendMode='avg', color=array([ 0.,  0.,  0.]), colorSpace='rgb', fullscr=UNKNOWN, gamma=None, lms=UNKNOWN, monitor=<psychopy.monitors.calibTools.Monitor object at 0x111f379d0>, name='window1', pos=[240, 100], screen=0, size=array([800, 600]), stereo=False, units=u'norm', useFBO=False, useRetina=False, viewOri=0.0, viewPos=None, viewScale=None, waitBlanking=True, winType='pyglet')
41.0316 	EXP 	window1: mouseVisible = True
41.0708 	EXP 	Created unnamed ImageStim = ImageStim(autoLog=True, color=array([ 1.,  1.,  1.]), colorSpace='rgb', contrast=1.0, depth=0, flipHoriz=False, flipVert=False, image=PngImageFile(...), interpolate=False, mask=None, maskParams=None, name='unnamed ImageStim', opacity=1.0, ori=0.0, pos=array([ 0.,  0.]), size=array([ 1. ,  1.2]), texRes=128, units=u'norm', win=Window(...))
43.1108 	EXP 	RewardImage: autoDraw = True
44.0993 	EXP 	window1: mouseVisible = True
44.2450 	EXP 	window1: mouseVisible = True
