10.9548 	EXP 	Created window1 = Window(allowGUI=False, allowStencil=False, autoLog=True, bitsMode=UNKNOWN, blendMode='avg', color=array([ 0.,  0.,  0.]), colorSpace='rgb', fullscr=UNKNOWN, gamma=None, lms=UNKNOWN, monitor=<psychopy.monitors.calibTools.Monitor object at 0x111bf2bd0>, name='window1', pos=[0, 0], screen=0, size=array([1280,  800]), stereo=False, units=u'norm', useFBO=True, useRetina=False, viewOri=0.0, viewPos=None, viewScale=None, waitBlanking=True, winType='pyglet')
10.9548 	EXP 	window1: recordFrameIntervals = False
11.1206 	EXP 	window1: recordFrameIntervals = True
11.3024 	EXP 	window1: recordFrameIntervals = False
11.4310 	EXP 	Created BlankPic = ImageStim(autoLog=True, color=array([ 1.,  1.,  1.]), colorSpace='rgb', contrast=1.0, depth=0.0, flipHoriz=False, flipVert=False, image='./BlankPic.png', interpolate=True, mask=None, maskParams=None, name='BlankPic', opacity=1.0, ori=0.0, pos=array([ 0.,  0.]), size=array([ 0.5,  0.5]), texRes=128, units=u'norm', win=Window(...))
11.4547 	EXP 	Created FocalPic = ImageStim(autoLog=True, color=array([ 1.,  1.,  1.]), colorSpace='rgb', contrast=1.0, depth=0.0, flipHoriz=False, flipVert=False, image='./FocalPic.png', interpolate=True, mask=None, maskParams=None, name='FocalPic', opacity=1.0, ori=0.0, pos=array([ 0.,  0.]), size=array([ 0.5,  0.5]), texRes=128, units=u'norm', win=Window(...))
11.4821 	EXP 	Created East = ImageStim(autoLog=True, color=array([ 1.,  1.,  1.]), colorSpace='rgb', contrast=1.0, depth=-1.0, flipHoriz=False, flipVert=False, image='./EastPic.png', interpolate=True, mask=None, maskParams=None, name='East', opacity=1.0, ori=0.0, pos=array([ 0.,  0.]), size=array([ 0.5,  0.5]), texRes=128, units=u'norm', win=Window(...))
11.5067 	EXP 	Created West = ImageStim(autoLog=True, color=array([ 1.,  1.,  1.]), colorSpace='rgb', contrast=1.0, depth=-2.0, flipHoriz=False, flipVert=False, image='./WestPic.png', interpolate=True, mask=None, maskParams=None, name='West', opacity=1.0, ori=0.0, pos=array([ 0.,  0.]), size=array([ 0.5,  0.5]), texRes=128, units=u'norm', win=Window(...))
11.5299 	EXP 	Created North = ImageStim(autoLog=True, color=array([ 1.,  1.,  1.]), colorSpace='rgb', contrast=1.0, depth=-3.0, flipHoriz=False, flipVert=False, image='./NorthPic.png', interpolate=True, mask=None, maskParams=None, name='North', opacity=1.0, ori=0.0, pos=array([ 0.,  0.]), size=array([ 0.5,  0.5]), texRes=128, units=u'norm', win=Window(...))
11.5529 	EXP 	Created South = ImageStim(autoLog=True, color=array([ 1.,  1.,  1.]), colorSpace='rgb', contrast=1.0, depth=-4.0, flipHoriz=False, flipVert=False, image='./SouthPic.png', interpolate=True, mask=None, maskParams=None, name='South', opacity=1.0, ori=0.0, pos=array([ 0.,  0.]), size=array([ 0.5,  0.5]), texRes=128, units=u'norm', win=Window(...))
11.5602 	EXP 	Created RewardImage = ImageStim(autoLog=True, color=array([ 1.,  1.,  1.]), colorSpace='rgb', contrast=1.0, depth=0.0, flipHoriz=False, flipVert=False, image='./RewardPic.jpg', interpolate=True, mask=None, maskParams=None, name='RewardImage', opacity=1.0, ori=0.0, pos=array([ 0.,  0.]), size=array([ 0.5,  0.5]), texRes=128, units=u'norm', win=Window(...))
11.5607 	EXP 	Created sequence: sequential, trialTypes=1, nReps=5, seed=None
11.5611 	EXP 	New trial (rep=0, index=0): None
11.5861 	EXP 	BlankPic: autoDraw = True
12.5715 	EXP 	BlankPic: autoDraw = False
12.5715 	EXP 	BlankPic: autoDraw = False
12.5715 	EXP 	FocalPic: autoDraw = True
14.5576 	WARNING 	Monitor specification not found. Creating a temporary one...
14.9131 	EXP 	Created window1 = Window(allowGUI=True, allowStencil=False, autoLog=True, bitsMode=UNKNOWN, blendMode='avg', color=array([ 0.,  0.,  0.]), colorSpace='rgb', fullscr=UNKNOWN, gamma=None, lms=UNKNOWN, monitor=<psychopy.monitors.calibTools.Monitor object at 0x1126aa250>, name='window1', pos=[240, 100], screen=0, size=array([800, 600]), stereo=False, units=u'norm', useFBO=False, useRetina=False, viewOri=0.0, viewPos=None, viewScale=None, waitBlanking=True, winType='pyglet')
14.9414 	EXP 	Created unnamed ImageStim = ImageStim(autoLog=True, color=array([ 1.,  1.,  1.]), colorSpace='rgb', contrast=1.0, depth=0, flipHoriz=False, flipVert=False, image=PngImageFile(...), interpolate=False, mask=None, maskParams=None, name='unnamed ImageStim', opacity=1.0, ori=0.0, pos=array([ 0.,  0.]), size=array([ 1.6,  1.6]), texRes=128, units=u'norm', win=Window(...))
14.9721 	EXP 	FocalPic: autoDraw = False
14.9721 	EXP 	FocalPic: autoDraw = False
14.9721 	EXP 	East: autoDraw = True
14.9721 	EXP 	West: autoDraw = True
14.9721 	EXP 	North: autoDraw = True
14.9721 	EXP 	South: autoDraw = True
15.5746 	EXP 	East: autoDraw = False
15.5746 	EXP 	West: autoDraw = False
15.5746 	EXP 	North: autoDraw = False
15.5746 	EXP 	South: autoDraw = False
15.5746 	EXP 	East: autoDraw = False
15.5746 	EXP 	West: autoDraw = False
15.5746 	EXP 	North: autoDraw = False
15.5746 	EXP 	South: autoDraw = False
15.5746 	EXP 	RewardImage: autoDraw = True
16.5571 	EXP 	New trial (rep=1, index=0): None
16.5723 	EXP 	RewardImage: autoDraw = False
16.5723 	EXP 	RewardImage: autoDraw = False
16.5723 	EXP 	BlankPic: autoDraw = True
17.5727 	EXP 	BlankPic: autoDraw = False
17.5727 	EXP 	BlankPic: autoDraw = False
17.5727 	EXP 	FocalPic: autoDraw = True
19.5590 	WARNING 	Monitor specification not found. Creating a temporary one...
19.9305 	EXP 	Created window1 = Window(allowGUI=True, allowStencil=False, autoLog=True, bitsMode=UNKNOWN, blendMode='avg', color=array([ 0.,  0.,  0.]), colorSpace='rgb', fullscr=UNKNOWN, gamma=None, lms=UNKNOWN, monitor=<psychopy.monitors.calibTools.Monitor object at 0x11289e190>, name='window1', pos=[240, 100], screen=0, size=array([800, 600]), stereo=False, units=u'norm', useFBO=False, useRetina=False, viewOri=0.0, viewPos=None, viewScale=None, waitBlanking=True, winType='pyglet')
19.9307 	EXP 	window1: mouseVisible = True
20.2297 	EXP 	Created unnamed ImageStim = ImageStim(autoLog=True, color=array([ 1.,  1.,  1.]), colorSpace='rgb', contrast=1.0, depth=0, flipHoriz=False, flipVert=False, image=PngImageFile(...), interpolate=False, mask=None, maskParams=None, name='unnamed ImageStim', opacity=1.0, ori=0.0, pos=array([ 0.,  0.]), size=array([ 1.6,  1.6]), texRes=128, units=u'norm', win=Window(...))
20.2373 	DATA 	Keypress: escape
