12.4946 	EXP 	Created window1 = Window(allowGUI=False, allowStencil=False, autoLog=True, bitsMode=UNKNOWN, blendMode='avg', color=array([ 0.,  0.,  0.]), colorSpace='rgb', fullscr=UNKNOWN, gamma=None, lms=UNKNOWN, monitor=<psychopy.monitors.calibTools.Monitor object at 0x112692d50>, name='window1', pos=[0, 0], screen=0, size=array([1280,  800]), stereo=False, units=u'norm', useFBO=True, useRetina=False, viewOri=0.0, viewPos=None, viewScale=None, waitBlanking=True, winType='pyglet')
12.4946 	EXP 	window1: recordFrameIntervals = False
12.6614 	EXP 	window1: recordFrameIntervals = True
12.8437 	EXP 	window1: recordFrameIntervals = False
13.0030 	EXP 	Created BlankPic = ImageStim(autoLog=True, color=array([ 1.,  1.,  1.]), colorSpace='rgb', contrast=1.0, depth=0.0, flipHoriz=False, flipVert=False, image='./BlankPic.png', interpolate=True, mask=None, maskParams=None, name='BlankPic', opacity=1.0, ori=0.0, pos=array([ 0.,  0.]), size=array([ 0.5,  0.5]), texRes=128, units=u'norm', win=Window(...))
13.0111 	EXP 	Created RewardImage = ImageStim(autoLog=True, color=array([ 1.,  1.,  1.]), colorSpace='rgb', contrast=1.0, depth=0.0, flipHoriz=False, flipVert=False, image='./RewardPic.jpg', interpolate=True, mask=None, maskParams=None, name='RewardImage', opacity=1.0, ori=0.0, pos=array([ 0.,  0.]), size=array([ 0.5,  0.5]), texRes=128, units=u'norm', win=Window(...))
13.0116 	EXP 	Created sequence: sequential, trialTypes=1, nReps=5, seed=None
13.0120 	EXP 	New trial (rep=0, index=0): None
13.0270 	EXP 	BlankPic: autoDraw = True
14.0119 	WARNING 	Monitor specification not found. Creating a temporary one...
14.3441 	EXP 	Created window1 = Window(allowGUI=True, allowStencil=True, autoLog=True, bitsMode=UNKNOWN, blendMode='avg', color=array([ 0.,  0.,  0.]), colorSpace='rgb', fullscr=UNKNOWN, gamma=None, lms=UNKNOWN, monitor=<psychopy.monitors.calibTools.Monitor object at 0x1117add90>, name='window1', pos=[440, 200], screen=0, size=array([400, 400]), stereo=False, units='norm', useFBO=False, useRetina=False, viewOri=0.0, viewPos=None, viewScale=None, waitBlanking=True, winType='pyglet')
14.3691 	EXP 	Created unnamed ImageStim = ImageStim(autoLog=True, color=array([ 1.,  1.,  1.]), colorSpace='rgb', contrast=1.0, depth=0, flipHoriz=False, flipVert=False, image=PngImageFile(...), interpolate=False, mask=None, maskParams=None, name='unnamed ImageStim', opacity=1.0, ori=0.0, pos=array([ 0.,  0.]), size=array([ 3.2,  2.4]), texRes=128, units='norm', win=Window(...))
16.1279 	WARNING 	Monitor specification not found. Creating a temporary one...
16.4489 	EXP 	Created window1 = Window(allowGUI=True, allowStencil=True, autoLog=True, bitsMode=UNKNOWN, blendMode='avg', color=array([ 0.,  0.,  0.]), colorSpace='rgb', fullscr=UNKNOWN, gamma=None, lms=UNKNOWN, monitor=<psychopy.monitors.calibTools.Monitor object at 0x1117a7490>, name='window1', pos=[440, 200], screen=0, size=array([400, 400]), stereo=False, units='norm', useFBO=False, useRetina=False, viewOri=0.0, viewPos=None, viewScale=None, waitBlanking=True, winType='pyglet')
16.4491 	EXP 	window1: mouseVisible = True
16.7409 	EXP 	Created unnamed ImageStim = ImageStim(autoLog=True, color=array([ 1.,  1.,  1.]), colorSpace='rgb', contrast=1.0, depth=0, flipHoriz=False, flipVert=False, image=PngImageFile(...), interpolate=False, mask=None, maskParams=None, name='unnamed ImageStim', opacity=1.0, ori=0.0, pos=array([ 0.,  0.]), size=array([ 3.2,  2.4]), texRes=128, units='norm', win=Window(...))
16.7686 	EXP 	Created unnamed Aperture = Aperture(autoLog=True, inverted=False, nVert=UNKNOWN, name='unnamed Aperture', ori=1, pos=(0.01, -0.4), shape=UNKNOWN, size=0.9, units='norm', win=Window(...))
18.5737 	DATA 	Keypress: lctrl
18.5738 	DATA 	Keypress: x
18.5738 	DATA 	Keypress: c
19.7715 	EXP 	New trial (rep=1, index=0): None
20.0289 	DATA 	Mouse: Right button down, pos=(619,291)
20.1912 	DATA 	Mouse:  Right button up, pos=(587,280)
20.7709 	WARNING 	Monitor specification not found. Creating a temporary one...
21.0854 	EXP 	Created window1 = Window(allowGUI=True, allowStencil=True, autoLog=True, bitsMode=UNKNOWN, blendMode='avg', color=array([ 0.,  0.,  0.]), colorSpace='rgb', fullscr=UNKNOWN, gamma=None, lms=UNKNOWN, monitor=<psychopy.monitors.calibTools.Monitor object at 0x1117ca690>, name='window1', pos=[440, 200], screen=0, size=array([400, 400]), stereo=False, units='norm', useFBO=False, useRetina=False, viewOri=0.0, viewPos=None, viewScale=None, waitBlanking=True, winType='pyglet')
21.1094 	EXP 	Created unnamed ImageStim = ImageStim(autoLog=True, color=array([ 1.,  1.,  1.]), colorSpace='rgb', contrast=1.0, depth=0, flipHoriz=False, flipVert=False, image=PngImageFile(...), interpolate=False, mask=None, maskParams=None, name='unnamed ImageStim', opacity=1.0, ori=0.0, pos=array([ 0.,  0.]), size=array([ 3.2,  2.4]), texRes=128, units='norm', win=Window(...))
22.3130 	WARNING 	Monitor specification not found. Creating a temporary one...
22.6203 	EXP 	Created window1 = Window(allowGUI=True, allowStencil=True, autoLog=True, bitsMode=UNKNOWN, blendMode='avg', color=array([ 0.,  0.,  0.]), colorSpace='rgb', fullscr=UNKNOWN, gamma=None, lms=UNKNOWN, monitor=<psychopy.monitors.calibTools.Monitor object at 0x113040750>, name='window1', pos=[440, 200], screen=0, size=array([400, 400]), stereo=False, units='norm', useFBO=False, useRetina=False, viewOri=0.0, viewPos=None, viewScale=None, waitBlanking=True, winType='pyglet')
22.6204 	EXP 	window1: mouseVisible = True
22.6553 	EXP 	Created unnamed ImageStim = ImageStim(autoLog=True, color=array([ 1.,  1.,  1.]), colorSpace='rgb', contrast=1.0, depth=0, flipHoriz=False, flipVert=False, image=PngImageFile(...), interpolate=False, mask=None, maskParams=None, name='unnamed ImageStim', opacity=1.0, ori=0.0, pos=array([ 0.,  0.]), size=array([ 3.2,  2.4]), texRes=128, units='norm', win=Window(...))
22.6602 	EXP 	Created unnamed Aperture = Aperture(autoLog=True, inverted=False, nVert=UNKNOWN, name='unnamed Aperture', ori=1, pos=(0.4, 0.01), shape=UNKNOWN, size=0.9, units='norm', win=Window(...))
22.6604 	EXP 	window1: mouseVisible = True
24.4783 	DATA 	Mouse: Left button down, pos=(684,268)
24.4787 	DATA 	Mouse:  Left button up, pos=(684,268)
24.4791 	DATA 	Mouse: Left button down, pos=(684,268)
24.4798 	DATA 	Mouse:  Left button up, pos=(684,268)
24.4826 	DATA 	Keypress: escape
24.4841 	DATA 	Keypress: escape
24.4869 	DATA 	Keypress: space
24.4917 	DATA 	Keypress: space
24.4987 	DATA 	Keypress: escape
