10.9186 	EXP 	Created window1 = Window(allowGUI=False, allowStencil=False, autoLog=True, bitsMode=UNKNOWN, blendMode='avg', color=array([ 0.,  0.,  0.]), colorSpace='rgb', fullscr=UNKNOWN, gamma=None, lms=UNKNOWN, monitor=<psychopy.monitors.calibTools.Monitor object at 0x112832a10>, name='window1', pos=[0, 0], screen=0, size=array([1280,  800]), stereo=False, units=u'norm', useFBO=True, useRetina=False, viewOri=0.0, viewPos=None, viewScale=None, waitBlanking=True, winType='pyglet')
10.9186 	EXP 	window1: recordFrameIntervals = False
11.1009 	EXP 	window1: recordFrameIntervals = True
11.2853 	EXP 	window1: recordFrameIntervals = False
11.3997 	EXP 	Created BlankPic = ImageStim(autoLog=True, color=array([ 1.,  1.,  1.]), colorSpace='rgb', contrast=1.0, depth=0.0, flipHoriz=False, flipVert=False, image='./BlankPic.png', interpolate=True, mask=None, maskParams=None, name='BlankPic', opacity=1.0, ori=0.0, pos=array([ 0.,  0.]), size=array([ 0.5,  0.5]), texRes=128, units=u'norm', win=Window(...))
11.4222 	EXP 	Created FocalPic = ImageStim(autoLog=True, color=array([ 1.,  1.,  1.]), colorSpace='rgb', contrast=1.0, depth=0.0, flipHoriz=False, flipVert=False, image='./FocalPic.png', interpolate=True, mask=None, maskParams=None, name='FocalPic', opacity=1.0, ori=0.0, pos=array([ 0.,  0.]), size=array([ 0.5,  0.5]), texRes=128, units=u'norm', win=Window(...))
11.4302 	EXP 	Created RewardImage = ImageStim(autoLog=True, color=array([ 1.,  1.,  1.]), colorSpace='rgb', contrast=1.0, depth=0.0, flipHoriz=False, flipVert=False, image='./RewardPic.jpg', interpolate=True, mask=None, maskParams=None, name='RewardImage', opacity=1.0, ori=0.0, pos=array([ 0.,  0.]), size=array([ 0.5,  0.5]), texRes=128, units=u'norm', win=Window(...))
11.4307 	EXP 	Created sequence: sequential, trialTypes=1, nReps=5, seed=None
11.4311 	EXP 	New trial (rep=0, index=0): None
11.4508 	EXP 	BlankPic: autoDraw = True
12.4523 	EXP 	BlankPic: autoDraw = False
12.4523 	EXP 	FocalPic: autoDraw = True
14.4360 	WARNING 	Monitor specification not found. Creating a temporary one...
14.7701 	EXP 	Created window1 = Window(allowGUI=True, allowStencil=False, autoLog=True, bitsMode=UNKNOWN, blendMode='avg', color=array([ 0.,  0.,  0.]), colorSpace='rgb', fullscr=UNKNOWN, gamma=None, lms=UNKNOWN, monitor=<psychopy.monitors.calibTools.Monitor object at 0x11a130dd0>, name='window1', pos=[240, 100], screen=0, size=array([800, 600]), stereo=False, units=u'norm', useFBO=False, useRetina=False, viewOri=0.0, viewPos=None, viewScale=None, waitBlanking=True, winType='pyglet')
14.7948 	EXP 	Created unnamed ImageStim = ImageStim(autoLog=True, color=array([ 1.,  1.,  1.]), colorSpace='rgb', contrast=1.0, depth=0, flipHoriz=False, flipVert=False, image=PngImageFile(...), interpolate=False, mask=None, maskParams=None, name='unnamed ImageStim', opacity=1.0, ori=0.0, pos=array([ 0.,  0.]), size=array([ 1. ,  1.2]), texRes=128, units=u'norm', win=Window(...))
16.8203 	EXP 	FocalPic: autoDraw = False
16.8203 	EXP 	RewardImage: autoDraw = True
17.7889 	EXP 	New trial (rep=1, index=0): None
17.8041 	EXP 	RewardImage: autoDraw = False
17.8041 	EXP 	RewardImage: autoDraw = False
17.8041 	EXP 	BlankPic: autoDraw = True
18.8046 	EXP 	BlankPic: autoDraw = False
18.8046 	EXP 	BlankPic: autoDraw = False
18.8046 	EXP 	FocalPic: autoDraw = True
20.7901 	WARNING 	Monitor specification not found. Creating a temporary one...
21.1139 	EXP 	Created window1 = Window(allowGUI=True, allowStencil=False, autoLog=True, bitsMode=UNKNOWN, blendMode='avg', color=array([ 0.,  0.,  0.]), colorSpace='rgb', fullscr=UNKNOWN, gamma=None, lms=UNKNOWN, monitor=<psychopy.monitors.calibTools.Monitor object at 0x1125c46d0>, name='window1', pos=[240, 100], screen=0, size=array([800, 600]), stereo=False, units=u'norm', useFBO=False, useRetina=False, viewOri=0.0, viewPos=None, viewScale=None, waitBlanking=True, winType='pyglet')
21.1141 	EXP 	window1: mouseVisible = True
21.4087 	EXP 	Created unnamed ImageStim = ImageStim(autoLog=True, color=array([ 1.,  1.,  1.]), colorSpace='rgb', contrast=1.0, depth=0, flipHoriz=False, flipVert=False, image=PngImageFile(...), interpolate=False, mask=None, maskParams=None, name='unnamed ImageStim', opacity=1.0, ori=0.0, pos=array([ 0.,  0.]), size=array([ 1. ,  1.2]), texRes=128, units=u'norm', win=Window(...))
23.4112 	DATA 	Mouse: Right button down, pos=(650,406)
23.4118 	DATA 	Mouse:  Right button up, pos=(650,406)
23.4160 	DATA 	Keypress: escape
