13.4757 	EXP 	Created window1 = Window(allowGUI=False, allowStencil=False, autoLog=True, bitsMode=UNKNOWN, blendMode='avg', color=array([ 0.,  0.,  0.]), colorSpace='rgb', fullscr=UNKNOWN, gamma=None, lms=UNKNOWN, monitor=<psychopy.monitors.calibTools.Monitor object at 0x112897bd0>, name='window1', pos=[0, 0], screen=0, size=array([1280,  800]), stereo=False, units=u'norm', useFBO=True, useRetina=False, viewOri=0.0, viewPos=None, viewScale=None, waitBlanking=True, winType='pyglet')
13.4757 	EXP 	window1: recordFrameIntervals = False
13.6415 	EXP 	window1: recordFrameIntervals = True
13.8248 	EXP 	window1: recordFrameIntervals = False
13.9827 	EXP 	Created BlankPic = ImageStim(autoLog=True, color=array([ 1.,  1.,  1.]), colorSpace='rgb', contrast=1.0, depth=0.0, flipHoriz=False, flipVert=False, image='./BlankPic.png', interpolate=True, mask=None, maskParams=None, name='BlankPic', opacity=1.0, ori=0.0, pos=array([ 0.,  0.]), size=array([ 0.5,  0.5]), texRes=128, units=u'norm', win=Window(...))
13.9913 	EXP 	Created RewardImage = ImageStim(autoLog=True, color=array([ 1.,  1.,  1.]), colorSpace='rgb', contrast=1.0, depth=0.0, flipHoriz=False, flipVert=False, image='./RewardPic.jpg', interpolate=True, mask=None, maskParams=None, name='RewardImage', opacity=1.0, ori=0.0, pos=array([ 0.,  0.]), size=array([ 0.5,  0.5]), texRes=128, units=u'norm', win=Window(...))
13.9918 	EXP 	Created sequence: sequential, trialTypes=1, nReps=5, seed=None
13.9922 	EXP 	New trial (rep=0, index=0): None
14.0080 	EXP 	BlankPic: autoDraw = True
15.0189 	EXP 	Created unnamed ImageStim = ImageStim(autoLog=True, color=array([ 1.,  1.,  1.]), colorSpace='rgb', contrast=1.0, depth=0, flipHoriz=False, flipVert=False, image=PngImageFile(...), interpolate=False, mask=None, maskParams=None, name='unnamed ImageStim', opacity=1.0, ori=0.0, pos=array([ 0.,  0.]), size=array([ 1. ,  1.2]), texRes=128, units=u'norm', win=Window(...))
15.0417 	EXP 	BlankPic: autoDraw = False
15.0417 	EXP 	BlankPic: autoDraw = False
16.8615 	WARNING 	Monitor specification not found. Creating a temporary one...
17.1875 	EXP 	Created window1 = Window(allowGUI=True, allowStencil=True, autoLog=True, bitsMode=UNKNOWN, blendMode='avg', color=array([ 0.,  0.,  0.]), colorSpace='rgb', fullscr=UNKNOWN, gamma=None, lms=UNKNOWN, monitor=<psychopy.monitors.calibTools.Monitor object at 0x1124fbf10>, name='window1', pos=[440, 200], screen=0, size=array([400, 400]), stereo=False, units='norm', useFBO=False, useRetina=False, viewOri=0.0, viewPos=None, viewScale=None, waitBlanking=True, winType='pyglet')
17.2155 	EXP 	Created unnamed ImageStim = ImageStim(autoLog=True, color=array([ 1.,  1.,  1.]), colorSpace='rgb', contrast=1.0, depth=0, flipHoriz=False, flipVert=False, image=PngImageFile(...), interpolate=False, mask=None, maskParams=None, name='unnamed ImageStim', opacity=1.0, ori=0.0, pos=array([ 0.,  0.]), size=array([ 3.2,  2.4]), texRes=128, units='norm', win=Window(...))
17.2357 	EXP 	Created unnamed Aperture = Aperture(autoLog=True, inverted=False, nVert=UNKNOWN, name='unnamed Aperture', ori=1, pos=(0.01, -0.4), shape=UNKNOWN, size=0.9, units='norm', win=Window(...))
17.2371 	EXP 	Created unnamed Aperture = Aperture(autoLog=True, inverted=False, nVert=UNKNOWN, name='unnamed Aperture', ori=1, pos=(0.01, -0.4), shape=UNKNOWN, size=0.9, units='norm', win=Window(...))
17.2383 	EXP 	Created unnamed Aperture = Aperture(autoLog=True, inverted=False, nVert=UNKNOWN, name='unnamed Aperture', ori=1, pos=(0.01, -0.4), shape=UNKNOWN, size=0.9, units='norm', win=Window(...))
17.2395 	EXP 	Created unnamed Aperture = Aperture(autoLog=True, inverted=False, nVert=UNKNOWN, name='unnamed Aperture', ori=1, pos=(0.01, -0.4), shape=UNKNOWN, size=0.9, units='norm', win=Window(...))
17.2680 	EXP 	unnamed Aperture: enabled = False
17.2680 	EXP 	unnamed Aperture: enabled = False
17.2680 	EXP 	unnamed Aperture: enabled = False
17.2680 	EXP 	unnamed Aperture: enabled = False
20.2704 	EXP 	New trial (rep=1, index=0): None
21.2931 	EXP 	Created unnamed ImageStim = ImageStim(autoLog=True, color=array([ 1.,  1.,  1.]), colorSpace='rgb', contrast=1.0, depth=0, flipHoriz=False, flipVert=False, image=PngImageFile(...), interpolate=False, mask=None, maskParams=None, name='unnamed ImageStim', opacity=1.0, ori=0.0, pos=array([ 0.,  0.]), size=array([ 3.2,  2.4]), texRes=128, units='norm', win=Window(...))
23.0639 	WARNING 	Monitor specification not found. Creating a temporary one...
23.3751 	EXP 	Created window1 = Window(allowGUI=True, allowStencil=True, autoLog=True, bitsMode=UNKNOWN, blendMode='avg', color=array([ 0.,  0.,  0.]), colorSpace='rgb', fullscr=UNKNOWN, gamma=None, lms=UNKNOWN, monitor=<psychopy.monitors.calibTools.Monitor object at 0x112850e50>, name='window1', pos=[440, 200], screen=0, size=array([400, 400]), stereo=False, units='norm', useFBO=False, useRetina=False, viewOri=0.0, viewPos=None, viewScale=None, waitBlanking=True, winType='pyglet')
23.3998 	EXP 	Created unnamed ImageStim = ImageStim(autoLog=True, color=array([ 1.,  1.,  1.]), colorSpace='rgb', contrast=1.0, depth=0, flipHoriz=False, flipVert=False, image=PngImageFile(...), interpolate=False, mask=None, maskParams=None, name='unnamed ImageStim', opacity=1.0, ori=0.0, pos=array([ 0.,  0.]), size=array([ 3.2,  2.4]), texRes=128, units='norm', win=Window(...))
23.4034 	EXP 	Created unnamed Aperture = Aperture(autoLog=True, inverted=False, nVert=UNKNOWN, name='unnamed Aperture', ori=1, pos=(0.01, -0.4), shape=UNKNOWN, size=0.9, units='norm', win=Window(...))
23.4048 	EXP 	Created unnamed Aperture = Aperture(autoLog=True, inverted=False, nVert=UNKNOWN, name='unnamed Aperture', ori=1, pos=(0.01, -0.4), shape=UNKNOWN, size=0.9, units='norm', win=Window(...))
23.4061 	EXP 	Created unnamed Aperture = Aperture(autoLog=True, inverted=False, nVert=UNKNOWN, name='unnamed Aperture', ori=1, pos=(0.01, -0.4), shape=UNKNOWN, size=0.9, units='norm', win=Window(...))
23.4073 	EXP 	Created unnamed Aperture = Aperture(autoLog=True, inverted=False, nVert=UNKNOWN, name='unnamed Aperture', ori=1, pos=(0.01, -0.4), shape=UNKNOWN, size=0.9, units='norm', win=Window(...))
23.4075 	EXP 	window1: mouseVisible = True
23.6802 	EXP 	unnamed Aperture: enabled = False
23.6802 	EXP 	unnamed Aperture: enabled = False
23.6802 	EXP 	unnamed Aperture: enabled = False
23.6802 	EXP 	unnamed Aperture: enabled = False
26.6830 	EXP 	New trial (rep=2, index=0): None
27.7061 	EXP 	Created unnamed ImageStim = ImageStim(autoLog=True, color=array([ 1.,  1.,  1.]), colorSpace='rgb', contrast=1.0, depth=0, flipHoriz=False, flipVert=False, image=PngImageFile(...), interpolate=False, mask=None, maskParams=None, name='unnamed ImageStim', opacity=1.0, ori=0.0, pos=array([ 0.,  0.]), size=array([ 3.2,  2.4]), texRes=128, units='norm', win=Window(...))
28.9569 	WARNING 	Monitor specification not found. Creating a temporary one...
29.2674 	EXP 	Created window1 = Window(allowGUI=True, allowStencil=True, autoLog=True, bitsMode=UNKNOWN, blendMode='avg', color=array([ 0.,  0.,  0.]), colorSpace='rgb', fullscr=UNKNOWN, gamma=None, lms=UNKNOWN, monitor=<psychopy.monitors.calibTools.Monitor object at 0x112860d10>, name='window1', pos=[440, 200], screen=0, size=array([400, 400]), stereo=False, units='norm', useFBO=False, useRetina=False, viewOri=0.0, viewPos=None, viewScale=None, waitBlanking=True, winType='pyglet')
29.3925 	EXP 	Created unnamed ImageStim = ImageStim(autoLog=True, color=array([ 1.,  1.,  1.]), colorSpace='rgb', contrast=1.0, depth=0, flipHoriz=False, flipVert=False, image=PngImageFile(...), interpolate=False, mask=None, maskParams=None, name='unnamed ImageStim', opacity=1.0, ori=0.0, pos=array([ 0.,  0.]), size=array([ 3.2,  2.4]), texRes=128, units='norm', win=Window(...))
29.3977 	EXP 	Created unnamed Aperture = Aperture(autoLog=True, inverted=False, nVert=UNKNOWN, name='unnamed Aperture', ori=1, pos=(0.01, -0.4), shape=UNKNOWN, size=0.9, units='norm', win=Window(...))
29.4002 	EXP 	Created unnamed Aperture = Aperture(autoLog=True, inverted=False, nVert=UNKNOWN, name='unnamed Aperture', ori=1, pos=(0.01, -0.4), shape=UNKNOWN, size=0.9, units='norm', win=Window(...))
29.4033 	EXP 	Created unnamed Aperture = Aperture(autoLog=True, inverted=False, nVert=UNKNOWN, name='unnamed Aperture', ori=1, pos=(0.01, -0.4), shape=UNKNOWN, size=0.9, units='norm', win=Window(...))
29.4054 	EXP 	Created unnamed Aperture = Aperture(autoLog=True, inverted=False, nVert=UNKNOWN, name='unnamed Aperture', ori=1, pos=(0.01, -0.4), shape=UNKNOWN, size=0.9, units='norm', win=Window(...))
29.4057 	EXP 	window1: mouseVisible = True
29.4234 	EXP 	unnamed Aperture: enabled = False
29.4234 	EXP 	unnamed Aperture: enabled = False
29.4234 	EXP 	unnamed Aperture: enabled = False
29.4234 	EXP 	unnamed Aperture: enabled = False
32.4252 	EXP 	New trial (rep=3, index=0): None
33.4497 	EXP 	Created unnamed ImageStim = ImageStim(autoLog=True, color=array([ 1.,  1.,  1.]), colorSpace='rgb', contrast=1.0, depth=0, flipHoriz=False, flipVert=False, image=PngImageFile(...), interpolate=False, mask=None, maskParams=None, name='unnamed ImageStim', opacity=1.0, ori=0.0, pos=array([ 0.,  0.]), size=array([ 3.2,  2.4]), texRes=128, units='norm', win=Window(...))
34.9111 	WARNING 	Monitor specification not found. Creating a temporary one...
35.2405 	EXP 	Created window1 = Window(allowGUI=True, allowStencil=True, autoLog=True, bitsMode=UNKNOWN, blendMode='avg', color=array([ 0.,  0.,  0.]), colorSpace='rgb', fullscr=UNKNOWN, gamma=None, lms=UNKNOWN, monitor=<psychopy.monitors.calibTools.Monitor object at 0x111799fd0>, name='window1', pos=[440, 200], screen=0, size=array([400, 400]), stereo=False, units='norm', useFBO=False, useRetina=False, viewOri=0.0, viewPos=None, viewScale=None, waitBlanking=True, winType='pyglet')
35.2657 	EXP 	Created unnamed ImageStim = ImageStim(autoLog=True, color=array([ 1.,  1.,  1.]), colorSpace='rgb', contrast=1.0, depth=0, flipHoriz=False, flipVert=False, image=PngImageFile(...), interpolate=False, mask=None, maskParams=None, name='unnamed ImageStim', opacity=1.0, ori=0.0, pos=array([ 0.,  0.]), size=array([ 3.2,  2.4]), texRes=128, units='norm', win=Window(...))
35.2681 	EXP 	Created unnamed Aperture = Aperture(autoLog=True, inverted=False, nVert=UNKNOWN, name='unnamed Aperture', ori=1, pos=(0.01, -0.4), shape=UNKNOWN, size=0.9, units='norm', win=Window(...))
35.2694 	EXP 	Created unnamed Aperture = Aperture(autoLog=True, inverted=False, nVert=UNKNOWN, name='unnamed Aperture', ori=1, pos=(0.01, -0.4), shape=UNKNOWN, size=0.9, units='norm', win=Window(...))
35.2712 	EXP 	Created unnamed Aperture = Aperture(autoLog=True, inverted=False, nVert=UNKNOWN, name='unnamed Aperture', ori=1, pos=(0.01, -0.4), shape=UNKNOWN, size=0.9, units='norm', win=Window(...))
35.2726 	EXP 	Created unnamed Aperture = Aperture(autoLog=True, inverted=False, nVert=UNKNOWN, name='unnamed Aperture', ori=1, pos=(0.01, -0.4), shape=UNKNOWN, size=0.9, units='norm', win=Window(...))
35.2728 	EXP 	window1: mouseVisible = True
35.2858 	EXP 	unnamed Aperture: enabled = False
35.2858 	EXP 	unnamed Aperture: enabled = False
35.2858 	EXP 	unnamed Aperture: enabled = False
35.2858 	EXP 	unnamed Aperture: enabled = False
37.1689 	DATA 	Keypress: escape
